\BOOKMARK [0][-]{chapter*.1}{\376\377\000P\000r\000e\000f\000a\000c\000e}{}% 1
\BOOKMARK [0][-]{chapter.1}{\376\377\000T\000e\000s\000t\000i\000n\000g\000\040\000\046\000\040\000J\000a\000v\000a\000\040\000B\000a\000s\000i\000c\000s}{}% 2
\BOOKMARK [1][-]{section.1.1}{\376\377\000A\000\040\000F\000i\000r\000s\000t\000\040\000G\000l\000i\000m\000p\000s\000e\000\040\000a\000t\000\040\000J\000a\000v\000a}{chapter.1}% 3
\BOOKMARK [1][-]{section.1.2}{\376\377\000S\000t\000r\000i\000n\000g\000s}{chapter.1}% 4
\BOOKMARK [1][-]{section.1.3}{\376\377\000S\000t\000a\000n\000d\000a\000r\000d\000\040\000I\000/\000O}{chapter.1}% 5
\BOOKMARK [1][-]{section.1.4}{\376\377\000R\000a\000n\000d\000o\000m\000n\000e\000s\000s}{chapter.1}% 6
\BOOKMARK [1][-]{lstnumber.-18.14}{\376\377\000E\000x\000e\000r\000c\000i\000s\000e\000s}{chapter.1}% 7
\BOOKMARK [0][-]{chapter.2}{\376\377\000C\000o\000n\000d\000i\000t\000i\000o\000n\000a\000l\000s\000,\000\040\000R\000e\000c\000u\000r\000s\000i\000o\000n\000,\000\040\000a\000n\000d\000\040\000L\000o\000o\000p\000s}{}% 8
\BOOKMARK [1][-]{section.2.1}{\376\377\000C\000o\000n\000d\000i\000t\000i\000o\000n\000a\000l\000s}{chapter.2}% 9
\BOOKMARK [1][-]{section.2.2}{\376\377\000R\000e\000c\000u\000r\000s\000i\000o\000n}{chapter.2}% 10
\BOOKMARK [1][-]{section.2.3}{\376\377\000L\000o\000o\000p\000s}{chapter.2}% 11
\BOOKMARK [1][-]{lstnumber.-71.14}{\376\377\000E\000x\000e\000r\000c\000i\000s\000e\000s}{chapter.2}% 12
\BOOKMARK [0][-]{chapter.3}{\376\377\000A\000r\000r\000a\000y\000s\000\040\000a\000n\000d\000\040\000t\000h\000e\000\040\000C\000o\000l\000l\000e\000c\000t\000i\000o\000n\000s\000\040\000A\000P\000I}{}% 13
\BOOKMARK [1][-]{section.3.1}{\376\377\000A\000r\000r\000a\000y\000s}{chapter.3}% 14
\BOOKMARK [1][-]{section.3.2}{\376\377\000C\000o\000l\000l\000e\000c\000t\000i\000o\000n\000s}{chapter.3}% 15
\BOOKMARK [1][-]{lstnumber.-120.20}{\376\377\000E\000x\000e\000r\000c\000i\000s\000e\000s}{chapter.3}% 16
\BOOKMARK [0][-]{chapter.4}{\376\377\000G\000e\000n\000e\000r\000i\000c\000s}{}% 17
\BOOKMARK [1][-]{section.4.1}{\376\377\000G\000e\000n\000e\000r\000i\000c\000s}{chapter.4}% 18
\BOOKMARK [1][-]{lstnumber.-125.20}{\376\377\000E\000x\000e\000r\000c\000i\000s\000e\000s}{chapter.4}% 19
\BOOKMARK [0][-]{chapter.5}{\376\377\000C\000l\000a\000s\000s\000e\000s\000\040\000a\000n\000d\000\040\000O\000b\000j\000e\000c\000t\000s}{}% 20
\BOOKMARK [1][-]{section.5.1}{\376\377\000C\000l\000a\000s\000s\000e\000s}{chapter.5}% 21
\BOOKMARK [1][-]{section.5.2}{\376\377\000O\000b\000j\000e\000c\000t\000\040\000M\000u\000t\000a\000t\000i\000o\000n\000\040\000a\000n\000d\000\040\000A\000l\000i\000a\000s\000i\000n\000g}{chapter.5}% 22
\BOOKMARK [1][-]{lstnumber.-165.10}{\376\377\000E\000x\000e\000r\000c\000i\000s\000e\000s}{chapter.5}% 23
\BOOKMARK [0][-]{chapter.6}{\376\377\000A\000d\000v\000a\000n\000c\000e\000d\000\040\000O\000b\000j\000e\000c\000t\000-\000O\000r\000i\000e\000n\000t\000e\000d\000\040\000P\000r\000o\000g\000r\000a\000m\000m\000i\000n\000g}{}% 24
\BOOKMARK [1][-]{section.6.1}{\376\377\000I\000n\000t\000e\000r\000f\000a\000c\000e\000s}{chapter.6}% 25
\BOOKMARK [1][-]{section.6.2}{\376\377\000I\000n\000h\000e\000r\000i\000t\000a\000n\000c\000e}{chapter.6}% 26
\BOOKMARK [1][-]{section.6.3}{\376\377\000A\000b\000s\000t\000r\000a\000c\000t\000\040\000C\000l\000a\000s\000s\000e\000s}{chapter.6}% 27
\BOOKMARK [1][-]{lstnumber.-235.25}{\376\377\000E\000x\000e\000r\000c\000i\000s\000e\000s}{chapter.6}% 28
\BOOKMARK [0][-]{chapter.7}{\376\377\000E\000x\000c\000e\000p\000t\000i\000o\000n\000s\000\040\000\046\000\040\000D\000a\000t\000a\000\040\000I\000/\000O}{}% 29
\BOOKMARK [1][-]{section.7.1}{\376\377\000E\000x\000c\000e\000p\000t\000i\000o\000n\000s}{chapter.7}% 30
\BOOKMARK [1][-]{section.7.2}{\376\377\000F\000i\000l\000e\000\040\000I\000/\000O}{chapter.7}% 31
\BOOKMARK [1][-]{lstnumber.-262.54}{\376\377\000E\000x\000e\000r\000c\000i\000s\000e\000s}{chapter.7}% 32
\BOOKMARK [0][-]{chapter.8}{\376\377\000S\000e\000a\000r\000c\000h\000i\000n\000g\000\040\000a\000n\000d\000\040\000S\000o\000r\000t\000i\000n\000g}{}% 33
\BOOKMARK [1][-]{section.8.1}{\376\377\000S\000e\000a\000r\000c\000h\000i\000n\000g}{chapter.8}% 34
\BOOKMARK [1][-]{section.8.2}{\376\377\000S\000o\000r\000t\000i\000n\000g}{chapter.8}% 35
\BOOKMARK [0][-]{chapter.9}{\376\377\000A\000l\000g\000o\000r\000i\000t\000h\000m\000\040\000A\000n\000a\000l\000y\000s\000i\000s}{}% 36
\BOOKMARK [1][-]{section.9.1}{\376\377\000A\000n\000a\000l\000y\000z\000i\000n\000g\000\040\000A\000l\000g\000o\000r\000i\000t\000h\000m\000s}{chapter.9}% 37
\BOOKMARK [0][-]{chapter.10}{\376\377\000M\000o\000d\000e\000r\000n\000\040\000J\000a\000v\000a\000\040\000\046\000\040\000A\000d\000v\000a\000n\000c\000e\000d\000\040\000J\000a\000v\000a\000\040\000T\000o\000p\000i\000c\000s}{}% 38
\BOOKMARK [1][-]{section.10.1}{\376\377\000P\000a\000t\000t\000e\000r\000n\000\040\000M\000a\000t\000c\000h\000i\000n\000g}{chapter.10}% 39
\BOOKMARK [1][-]{section.10.2}{\376\377\000R\000e\000f\000l\000e\000c\000t\000i\000o\000n}{chapter.10}% 40
\BOOKMARK [1][-]{section.10.3}{\376\377\000C\000o\000n\000c\000u\000r\000r\000e\000n\000t\000\040\000P\000r\000o\000g\000r\000a\000m\000m\000i\000n\000g}{chapter.10}% 41
\BOOKMARK [1][-]{section.10.4}{\376\377\000D\000e\000s\000i\000g\000n\000\040\000P\000a\000t\000t\000e\000r\000n\000s}{chapter.10}% 42
\BOOKMARK [1][-]{section.10.5}{\376\377\000A\000P\000I\000\040\000C\000o\000n\000n\000e\000c\000t\000i\000v\000i\000t\000y}{chapter.10}% 43
\BOOKMARK [0][-]{chapter*.36}{\376\377\000I\000n\000d\000e\000x}{}% 44
